Godot Engine v4.6.2.stable.official.71f334935 - https://godotengine.org

ERROR: Failed to read the root certificate store.
   at: get_system_ca_certificates (platform/windows/os_windows.cpp:2570)
ERROR: Could not open 'user://' directory: 'user://'.
   at: _get_and_create_snapshot_storage_dir (modules/objectdb_profiler/editor/objectdb_profiler_panel.cpp:154)
[   0% ] first_scan_filesystem | Started 项目初始化 (5 steps)
[   0% ] first_scan_filesystem | 正在扫描文件结构……
[  16% ] first_scan_filesystem | 正在加载全局类名……
[  33% ] first_scan_filesystem | 正在校验 GDExtension……
[  50% ] first_scan_filesystem | 正在创建自动加载脚本……
[  66% ] first_scan_filesystem | 正在初始化插件……
[  83% ] first_scan_filesystem | 正在启动文件扫描……
[ DONE ] first_scan_filesystem

[   0% ] loading_editor_layout | Started 正在加载编辑器 (5 steps)
[   0% ] loading_editor_layout | 正在加载编辑器布局……
[  16% ] loading_editor_layout | 正在加载停靠面板……
[  33% ] loading_editor_layout | 正在重新打开场景……
[  50% ] loading_editor_layout | 正在加载中央编辑器布局……
[  66% ] loading_editor_layout | 正在加载插件窗口布局……
[  83% ] loading_editor_layout | 编辑器布局就绪。
[ DONE ] loading_editor_layout

ERROR: Cannot save file 'C:/Users/ZhuanZ.DESKTOP-PH97BKO/AppData/Roaming/Godot/editor_settings-4.6.tres'.
   at: save (scene/resources/resource_format_text.cpp:1756)
ERROR: Error saving editor settings to C:/Users/ZhuanZ.DESKTOP-PH97BKO/AppData/Roaming/Godot/editor_settings-4.6.tres
   at: save (editor/settings/editor_settings.cpp:1404)
